<?xml version="1.0" encoding="UTF-8"?>
<!-- Generated by org.testng.reporters.JUnitReportReporter -->
<testsuite skipped="0" hostname="Home-PC" name="com.Testcase1" tests="3" failures="0" timestamp="19 Dec 2017 06:07:34 GMT" time="12.598" errors="0">
  <testcase name="TestMethod1" time="0.001" classname="com.Testcase1"/>
  <testcase name="TestMethod2" time="0.001" classname="com.Testcase1"/>
  <testcase name="OpenBrowser" time="12.596" classname="com.Testcase1"/>
</testsuite> <!-- com.Testcase1 -->
