<?xml version="1.0" encoding="UTF-8"?>
<!-- Generated by org.testng.reporters.JUnitReportReporter -->
<testsuite skipped="0" hostname="Home-PC" name="com.Testcase1" tests="1" failures="0" timestamp="18 Dec 2017 07:45:19 GMT" time="0.015" errors="0">
  <testcase name="testcase" time="0.015" classname="com.Testcase1"/>
</testsuite> <!-- com.Testcase1 -->
