<?xml version="1.0" encoding="UTF-8"?>
<!-- Generated by org.testng.reporters.JUnitReportReporter -->
<testsuite skipped="0" hostname="Home-PC" name="com.testcases.LeadsPageTest" tests="1" failures="0" timestamp="20 Dec 2017 13:48:50 GMT" time="16.218" errors="0">
  <testcase name="DisplayLeads" time="16.218" classname="com.testcases.LeadsPageTest"/>
</testsuite> <!-- com.testcases.LeadsPageTest -->
