<?xml version="1.0" encoding="UTF-8"?>
<!-- Generated by org.testng.reporters.JUnitReportReporter -->
<testsuite skipped="0" hostname="Home-PC" name="com.testcases.HomePageTest" tests="1" failures="0" timestamp="20 Dec 2017 11:53:50 GMT" time="0.079" errors="0">
  <testcase name="HomePageTitleValidation" time="0.079" classname="com.testcases.HomePageTest"/>
</testsuite> <!-- com.testcases.HomePageTest -->
