<?xml version="1.0" encoding="UTF-8"?>
<!-- Generated by org.testng.reporters.JUnitReportReporter -->
<testsuite skipped="0" hostname="Home-PC" name="com.MasterClass" tests="1" failures="0" timestamp="20 Dec 2017 07:58:26 GMT" time="3.888" errors="0">
  <testcase name="test" time="3.888" classname="com.MasterClass"/>
</testsuite> <!-- com.MasterClass -->
