<?xml version="1.0" encoding="UTF-8"?>
<!-- Generated by org.testng.reporters.JUnitReportReporter -->
<testsuite skipped="0" hostname="Home-PC" name="com.testcases.LoginPageTest" tests="3" failures="0" timestamp="20 Dec 2017 11:08:35 GMT" time="5.327" errors="0">
  <testcase name="titleValidation" time="0.025" classname="com.testcases.LoginPageTest"/>
  <testcase name="LoginTest" time="5.055" classname="com.testcases.LoginPageTest"/>
  <testcase name="homePageTitleValidation" time="0.247" classname="com.testcases.LoginPageTest"/>
</testsuite> <!-- com.testcases.LoginPageTest -->
